<?xml version="1.0" encoding="UTF-8"?><testsuite failures="0" name="cucumber.runtime.formatter.JUnitFormatter" skipped="0" tests="2" time="0">
<testcase classname="CRM Application Login Test" name="Free CRM Login Test" time="0">
<system-out><![CDATA[Given User is already on Login Page.........................................skipped
When Title of Login Page is Free CRM........................................skipped
Then User enters "pavanreddy" and "Saibaba77" and click on login button.....skipped
Then User is on Home Page...................................................skipped
]]></system-out>
</testcase>
<testcase classname="CRM Application Login Test" name="Free CRM Login Test 2" time="0">
<system-out><![CDATA[Given User is already on Login Page.........................................skipped
When Title of Login Page is Free CRM........................................skipped
Then User enters "pavanreddy" and "Saibaba77" and click on login button.....skipped
Then User is on Home Page...................................................skipped
]]></system-out>
</testcase>
</testsuite>
